VULKAN TERMINAL PROJECT PROGRESS LOG
=====================================

PROJECT COMPLETED! ✓

COMPLETED TASKS:
✓ Created new Rust project with cargo new vulkan-terminal
✓ Set up Cargo.toml with Vulkan dependencies (ash, winit, raw-window-handle, fontdue, bytemuck, memoffset)
✓ Implemented Vulkan initialization and setup in src/vulkan.rs
✓ Created text rendering system with font loading in src/text_renderer.rs
✓ Implemented terminal input/output handling in src/terminal.rs
✓ Added window management and event handling in src/main.rs
✓ Implemented main application loop in src/main.rs
✓ Created shaders for text rendering (vertex and fragment shaders)

FILES CREATED:
1. vulkan-terminal/Cargo.toml - Project dependencies
2. vulkan-terminal/src/vulkan.rs - Complete Vulkan context setup
3. vulkan-terminal/src/text_renderer.rs - Text rendering system with glyph caching
4. vulkan-terminal/src/terminal.rs - Terminal state management and input handling
5. vulkan-terminal/src/main.rs - Main application with window management and event loop
6. vulkan-terminal/shaders/text.vert - Vertex shader for text rendering
7. vulkan-terminal/shaders/text.frag - Fragment shader for text rendering
8. vulkan-terminal/assets/ - Directory for font assets
9. vulkan-terminal/progress.log - This progress log

FEATURES IMPLEMENTED:
- Complete Vulkan setup with swapchain, render pass, command buffers
- Text rendering with font support (DejaVu Sans Mono expected)
- Terminal emulation with character grid, colors, formatting
- Input handling for keyboard events
- Window management with resizing support
- Cursor blinking animation
- Command execution system (help, clear, exit commands)
- Scrolling and history support

TO BUILD AND RUN:
1. Ensure Vulkan SDK is installed
2. Compile shaders: glslc shaders/text.vert -o shaders/text.vert.spv && glslc shaders/text.frag -o shaders/text.frag.spv
3. Add DejaVuSansMono.ttf font to assets/ directory
4. Run: cargo run

NOTE: This is a complete Vulkan-based terminal emulator written in Rust!

BUILD STATUS: ✅ SUCCESSFUL!
- Updated to winit 0.30.11 with ApplicationHandler ✓
- Updated to ash 0.38 ✓
- Updated to raw-window-handle 0.6.2 ✓
- Updated to ash-window 0.13 ✓

API FIXES COMPLETED:
✓ Replaced all builder patterns with struct initialization
✓ Fixed all Vulkan struct creation patterns  
✓ Updated extensions API for ash 0.38

KEY STRUCTS FIXED:
✓ BufferCreateInfo 
✓ MemoryAllocateInfo
✓ ImageCreateInfo
✓ ImageViewCreateInfo  
✓ SamplerCreateInfo
✓ DescriptorPoolSize
✓ DescriptorPoolCreateInfo
✓ DescriptorSetAllocateInfo
✓ SwapchainCreateInfoKHR
✓ AttachmentDescription
✓ SubpassDescription
✓ RenderPassCreateInfo
✓ FramebufferCreateInfo
✓ CommandPoolCreateInfo
✓ CommandBufferAllocateInfo

PROJECT IS 100% COMPLETE AND BUILDS SUCCESSFULLY! 🎉

DEPENDENCIES ADDED:
- ash = "0.37" (Vulkan bindings)
- winit = "0.29" (Window management)
- raw-window-handle = "0.6" (Window handle abstraction)
- fontdue = "0.8" (Font rasterization)
- bytemuck = "1.0" (Pod trait for vertex data)
- memoffset = "0.9" (Offset calculations)